Arguments: 
  C:\Program Files\nodejs\node.exe C:\Users\palam\AppData\Roaming\npm\node_modules\yarn\bin\yarn.js add eslint

PATH: 
  C:\Windows\system32;C:\Windows;C:\Windows\System32\Wbem;C:\Windows\System32\WindowsPowerShell\v1.0\;C:\Windows\System32\OpenSSH\;C:\Program Files\nodejs\;C:\Program Files\Git\cmd;C:\Users\palam\AppData\Local\Microsoft\WindowsApps;C:\Users\palam\AppData\Local\Programs\Microsoft VS Code\bin;D:\PyCharm Community Edition 2023.2.3\bin;;C:\Users\palam\AppData\Roaming\npm

Yarn version: 
  1.22.19

Node version: 
  21.1.0

Platform: 
  win32 x64

Trace: 
  Error: EPERM: operation not permitted, unlink 'C:\Users\palam\Documents\CRUD\node_modules\bcrypt\lib\binding\napi-v3\bcrypt_lib.node'

npm manifest: 
  {
    "name": "crud",
    "version": "1.0.0",
    "description": "",
    "main": "index.js",
    "type": "module",
    "scripts": {
      "dev": "tsx watch src/script-server.ts"
    },
    "keywords": [],
    "author": "",
    "license": "ISC",
    "devDependencies": {
      "@types/bcrypt": "^5.0.2",
      "@types/express": "^4.17.21",
      "@types/node": "^20.9.0",
      "prisma": "^5.5.2",
      "ts-node": "^10.9.1",
      "typescript": "^5.2.2"
    },
    "dependencies": {
      "@prisma/client": "^5.5.2",
      "bcrypt": "^5.1.1",
      "express": "^4.18.2",
      "sqlite3": "^5.1.6"
    }
  }

yarn manifest: 
  No manifest

Lockfile: 
  No lockfile
